<?xml version="1.0" encoding="UTF-8"?>
<!-- Generated by org.testng.reporters.JUnitReportReporter -->
<testsuite hostname="DESKTOP-QI6H2EA" failures="0" tests="3" name="com.mvn.MainTest" time="25.108" errors="0" timestamp="2023-06-07T15:49:30 IST" skipped="0">
  <testcase classname="com.mvn.MainTest" name="loginDetails" time="7.215"/>
  <system-out/>
  <testcase classname="com.mvn.MainTest" name="sideMenu" time="15.846"/>
  <system-out/>
  <testcase classname="com.mvn.MainTest" name="addToCart" time="2.047"/>
  <system-out/>
</testsuite> <!-- com.mvn.MainTest -->
