<?xml version="1.0" encoding="UTF-8"?>
<testng-results ignored="0" total="3" passed="3" failed="0" skipped="0">
  <reporter-output>
  </reporter-output>
  <suite started-at="2023-06-07T15:48:57 IST" name="Default suite" finished-at="2023-06-07T15:49:30 IST" duration-ms="32779">
    <groups>
    </groups>
    <test started-at="2023-06-07T15:48:57 IST" name="Default test" finished-at="2023-06-07T15:49:30 IST" duration-ms="32779">
      <class name="com.mvn.MainTest">
        <test-method is-config="true" signature="beforetest()[pri:0, instance:com.mvn.MainTest@247d8ae]" started-at="2023-06-07T15:48:57 IST" name="beforetest" finished-at="2023-06-07T15:48:57 IST" duration-ms="6" status="PASS">
          <reporter-output>
          </reporter-output>
        </test-method> <!-- beforetest -->
        <test-method is-config="true" signature="loadBrowser()[pri:0, instance:com.mvn.MainTest@247d8ae]" started-at="2023-06-07T15:48:57 IST" name="loadBrowser" finished-at="2023-06-07T15:49:01 IST" duration-ms="4593" status="PASS">
          <reporter-output>
          </reporter-output>
        </test-method> <!-- loadBrowser -->
        <test-method signature="loginDetails()[pri:0, instance:com.mvn.MainTest@247d8ae]" started-at="2023-06-07T15:49:01 IST" name="loginDetails" finished-at="2023-06-07T15:49:09 IST" duration-ms="7215" status="PASS">
          <reporter-output>
          </reporter-output>
        </test-method> <!-- loginDetails -->
        <test-method signature="sideMenu()[pri:1, instance:com.mvn.MainTest@247d8ae]" started-at="2023-06-07T15:49:09 IST" name="sideMenu" finished-at="2023-06-07T15:49:25 IST" duration-ms="15846" status="PASS">
          <reporter-output>
          </reporter-output>
        </test-method> <!-- sideMenu -->
        <test-method signature="addToCart()[pri:2, instance:com.mvn.MainTest@247d8ae]" started-at="2023-06-07T15:49:25 IST" name="addToCart" finished-at="2023-06-07T15:49:27 IST" duration-ms="2047" status="PASS">
          <reporter-output>
          </reporter-output>
        </test-method> <!-- addToCart -->
        <test-method is-config="true" signature="closeBrowser()[pri:0, instance:com.mvn.MainTest@247d8ae]" started-at="2023-06-07T15:49:27 IST" name="closeBrowser" finished-at="2023-06-07T15:49:30 IST" duration-ms="3047" status="PASS">
          <reporter-output>
          </reporter-output>
        </test-method> <!-- closeBrowser -->
      </class> <!-- com.mvn.MainTest -->
    </test> <!-- Default test -->
  </suite> <!-- Default suite -->
</testng-results>
